
Nov 20, 2018 14:21:16.39 NEW SESSION
Nov 20, 2018 14:21:16.39 [3432:8712:1120/142116.386:ERROR:connection_factory_impl.cc(400)] Failed to connect to MCS endpoint with error -106
Nov 20, 2018 14:21:17.60 [3432:9596:1120/142117.606:ERROR:backend_impl.cc(1065)] Critical error found -8
Nov 20, 2018 14:21:22.53 [3432:9596:1120/142122.534:ERROR:entry_impl.cc(985)] Failed to save user data
Nov 20, 2018 14:21:22.68 [3432:9596:1120/142122.534:ERROR:entry_impl.cc(985)] Failed to save user data
Nov 20, 2018 14:22:27.84 [10204:3520:1120/142227.845:ERROR:connection_factory_impl.cc(400)] Failed to connect to MCS endpoint with error -106
Nov 20, 2018 15:14:33.40 [5428:2452:1120/151433.407:ERROR:connection_factory_impl.cc(400)] Failed to connect to MCS endpoint with error -106
Nov 20, 2018 15:15:03.12 [5428:2452:1120/151503.121:ERROR:connection_factory_impl.cc(400)] Failed to connect to MCS endpoint with error -106
Nov 20, 2018 15:16:01.63 [5428:2452:1120/151601.636:ERROR:connection_factory_impl.cc(400)] Failed to connect to MCS endpoint with error -106
Nov 20, 2018 15:17:38.03 [5428:2452:1120/151738.039:ERROR:connection_factory_impl.cc(400)] Failed to connect to MCS endpoint with error -106
Nov 20, 2018 15:20:44.35 [5428:2452:1120/152044.350:ERROR:connection_factory_impl.cc(400)] Failed to connect to MCS endpoint with error -106
Nov 20, 2018 15:27:31.14 [5428:2452:1120/152731.142:ERROR:connection_factory_impl.cc(400)] Failed to connect to MCS endpoint with error -106
Nov 20, 2018 15:37:31.16 [5428:2452:1120/153731.163:ERROR:connection_factory_impl.cc(400)] Failed to connect to MCS endpoint with error -106

Nov 21, 2018 11:32:20.33 NEW SESSION
Nov 21, 2018 11:32:20.34 [7068:11164:1121/113220.331:ERROR:connection_factory_impl.cc(400)] Failed to connect to MCS endpoint with error -106
Nov 21, 2018 11:32:41.30 [7068:11164:1121/113241.308:ERROR:connection_factory_impl.cc(400)] Failed to connect to MCS endpoint with error -106
Nov 21, 2018 11:33:31.10 [7068:11164:1121/113331.101:ERROR:connection_factory_impl.cc(400)] Failed to connect to MCS endpoint with error -106
Nov 21, 2018 11:35:04.01 [7068:11164:1121/113504.011:ERROR:connection_factory_impl.cc(400)] Failed to connect to MCS endpoint with error -106
Nov 21, 2018 11:38:10.48 [7068:11164:1121/113810.485:ERROR:connection_factory_impl.cc(400)] Failed to connect to MCS endpoint with error -106
Nov 21, 2018 11:41:24.74 [7068:11164:1121/114124.743:ERROR:connection_factory_impl.cc(400)] Failed to connect to MCS endpoint with error -21
Nov 21, 2018 11:41:26.91 [7068:11164:1121/114126.914:ERROR:connection_factory_impl.cc(400)] Failed to connect to MCS endpoint with error -106
Nov 21, 2018 11:42:38.84 [7068:6860:1121/114238.846:ERROR:gcm_channel_status_request.cc(151)] GCM channel request failed.
Nov 21, 2018 11:43:03.32 [7068:6860:1121/114303.319:ERROR:gcm_channel_status_request.cc(151)] GCM channel request failed.

Nov 22, 2018 18:08:35.72 NEW SESSION
Nov 22, 2018 18:08:35.72 [6880:2124:1122/180835.721:ERROR:connection_factory_impl.cc(400)] Failed to connect to MCS endpoint with error -106
Nov 22, 2018 18:09:45.68 [8400:2936:1122/180945.685:ERROR:connection_factory_impl.cc(400)] Failed to connect to MCS endpoint with error -106
Nov 22, 2018 18:13:25.88 [8116:2896:1122/181325.885:ERROR:connection_factory_impl.cc(400)] Failed to connect to MCS endpoint with error -106
Nov 22, 2018 18:15:44.56 [1360:7660:1122/181544.564:ERROR:connection_factory_impl.cc(400)] Failed to connect to MCS endpoint with error -106
Nov 22, 2018 18:18:18.86 [6160:8740:1122/181818.865:ERROR:connection_factory_impl.cc(400)] Failed to connect to MCS endpoint with error -106
Nov 22, 2018 18:18:45.88 [6160:8740:1122/181845.879:ERROR:connection_factory_impl.cc(400)] Failed to connect to MCS endpoint with error -106
Nov 22, 2018 18:19:29.51 [6160:8740:1122/181929.518:ERROR:connection_factory_impl.cc(400)] Failed to connect to MCS endpoint with error -106
Nov 22, 2018 18:30:11.82 [8408:6596:1122/183011.819:ERROR:connection_factory_impl.cc(400)] Failed to connect to MCS endpoint with error -106
Nov 22, 2018 18:30:41.11 [8408:6596:1122/183041.118:ERROR:connection_factory_impl.cc(400)] Failed to connect to MCS endpoint with error -106
Nov 22, 2018 18:31:40.68 [8408:6596:1122/183140.684:ERROR:connection_factory_impl.cc(400)] Failed to connect to MCS endpoint with error -106
Nov 22, 2018 18:33:05.82 [8408:6596:1122/183305.821:ERROR:connection_factory_impl.cc(400)] Failed to connect to MCS endpoint with error -106
Nov 22, 2018 18:35:38.80 [8408:644:1122/183538.807:ERROR:gcm_channel_status_request.cc(151)] GCM channel request failed.
Nov 22, 2018 18:36:03.06 [8408:644:1122/183603.064:ERROR:gcm_channel_status_request.cc(151)] GCM channel request failed.
Nov 22, 2018 18:36:09.38 [8408:6596:1122/183609.382:ERROR:connection_factory_impl.cc(400)] Failed to connect to MCS endpoint with error -106
Nov 22, 2018 18:36:53.06 [8408:644:1122/183653.062:ERROR:gcm_channel_status_request.cc(151)] GCM channel request failed.
Nov 22, 2018 18:45:47.65 [6620:9076:1122/184547.649:ERROR:connection_factory_impl.cc(400)] Failed to connect to MCS endpoint with error -106
Nov 22, 2018 18:46:13.91 [6620:9076:1122/184613.917:ERROR:connection_factory_impl.cc(400)] Failed to connect to MCS endpoint with error -106
Nov 22, 2018 18:47:05.08 [6620:9076:1122/184705.082:ERROR:connection_factory_impl.cc(400)] Failed to connect to MCS endpoint with error -106
Nov 22, 2018 18:47:17.65 [6620:9264:1122/184716.924:ERROR:gcm_channel_status_request.cc(151)] GCM channel request failed.
Nov 22, 2018 18:47:43.68 [6620:9264:1122/184743.684:ERROR:gcm_channel_status_request.cc(151)] GCM channel request failed.
Nov 22, 2018 18:48:40.04 [6620:9264:1122/184840.044:ERROR:gcm_channel_status_request.cc(151)] GCM channel request failed.
Nov 22, 2018 18:49:02.77 [6620:9076:1122/184902.769:ERROR:connection_factory_impl.cc(400)] Failed to connect to MCS endpoint with error -106
Nov 22, 2018 18:50:08.32 [6620:9264:1122/185008.326:ERROR:gcm_channel_status_request.cc(151)] GCM channel request failed.
Nov 22, 2018 18:52:17.39 [6620:9076:1122/185217.393:ERROR:connection_factory_impl.cc(400)] Failed to connect to MCS endpoint with error -106
Nov 22, 2018 18:53:09.79 [6620:9264:1122/185309.796:ERROR:gcm_channel_status_request.cc(151)] GCM channel request failed.
Nov 22, 2018 18:57:40.86 [6620:9076:1122/185740.862:ERROR:connection_factory_impl.cc(400)] Failed to connect to MCS endpoint with error -106
Nov 22, 2018 18:59:36.57 [6620:9264:1122/185936.576:ERROR:gcm_channel_status_request.cc(151)] GCM channel request failed.
Nov 22, 2018 19:07:40.87 [6620:9076:1122/190740.872:ERROR:connection_factory_impl.cc(400)] Failed to connect to MCS endpoint with error -106
Nov 22, 2018 19:09:36.58 [6620:9264:1122/190936.586:ERROR:gcm_channel_status_request.cc(151)] GCM channel request failed.
Nov 22, 2018 19:17:40.87 [6620:9076:1122/191740.878:ERROR:connection_factory_impl.cc(400)] Failed to connect to MCS endpoint with error -106
Nov 22, 2018 19:19:36.59 [6620:9264:1122/191936.591:ERROR:gcm_channel_status_request.cc(151)] GCM channel request failed.
Nov 22, 2018 19:27:40.88 [6620:9076:1122/192740.882:ERROR:connection_factory_impl.cc(400)] Failed to connect to MCS endpoint with error -106
Nov 22, 2018 19:29:36.59 [6620:9264:1122/192936.596:ERROR:gcm_channel_status_request.cc(151)] GCM channel request failed.
Nov 22, 2018 19:37:40.88 [6620:9076:1122/193740.888:ERROR:connection_factory_impl.cc(400)] Failed to connect to MCS endpoint with error -106
Nov 22, 2018 19:39:36.60 [6620:9264:1122/193936.602:ERROR:gcm_channel_status_request.cc(151)] GCM channel request failed.
Nov 22, 2018 19:47:40.89 [6620:9076:1122/194740.892:ERROR:connection_factory_impl.cc(400)] Failed to connect to MCS endpoint with error -106
Nov 22, 2018 19:49:36.61 [6620:9264:1122/194936.616:ERROR:gcm_channel_status_request.cc(151)] GCM channel request failed.
Nov 22, 2018 19:57:40.89 [6620:9076:1122/195740.898:ERROR:connection_factory_impl.cc(400)] Failed to connect to MCS endpoint with error -106
Nov 22, 2018 19:59:36.62 [6620:9264:1122/195936.625:ERROR:gcm_channel_status_request.cc(151)] GCM channel request failed.

Nov 23, 2018 11:14:42.91 NEW SESSION
Nov 23, 2018 11:14:42.91 [6504:4636:1123/111442.910:ERROR:connection_factory_impl.cc(400)] Failed to connect to MCS endpoint with error -106
Nov 23, 2018 11:15:11.71 [6504:4636:1123/111511.714:ERROR:connection_factory_impl.cc(400)] Failed to connect to MCS endpoint with error -106
Nov 23, 2018 11:16:01.78 [6504:4636:1123/111601.789:ERROR:connection_factory_impl.cc(400)] Failed to connect to MCS endpoint with error -106
Nov 23, 2018 11:17:23.82 [6504:4636:1123/111723.823:ERROR:connection_factory_impl.cc(400)] Failed to connect to MCS endpoint with error -106
Nov 23, 2018 11:20:09.49 [6504:4732:1123/112009.494:ERROR:gcm_channel_status_request.cc(151)] GCM channel request failed.
Nov 23, 2018 11:20:14.61 [6504:4636:1123/112014.615:ERROR:connection_factory_impl.cc(400)] Failed to connect to MCS endpoint with error -106
Nov 23, 2018 11:20:30.70 [6504:4732:1123/112030.703:ERROR:gcm_channel_status_request.cc(151)] GCM channel request failed.
Nov 23, 2018 11:21:15.79 [6504:4732:1123/112115.792:ERROR:gcm_channel_status_request.cc(151)] GCM channel request failed.
Nov 23, 2018 11:23:15.10 [6504:4732:1123/112315.102:ERROR:gcm_channel_status_request.cc(151)] GCM channel request failed.
Nov 23, 2018 11:26:03.81 [6504:4732:1123/112603.817:ERROR:gcm_channel_status_request.cc(151)] GCM channel request failed.
Nov 23, 2018 11:27:53.05 [6504:4636:1123/112753.052:ERROR:connection_factory_impl.cc(400)] Failed to connect to MCS endpoint with error -106
Nov 23, 2018 11:32:34.67 [6504:4732:1123/113234.677:ERROR:gcm_channel_status_request.cc(151)] GCM channel request failed.
Nov 23, 2018 11:37:53.05 [6504:4636:1123/113753.054:ERROR:connection_factory_impl.cc(400)] Failed to connect to MCS endpoint with error -106
Nov 23, 2018 11:45:48.63 [9596:8628:1123/114548.639:ERROR:connection_factory_impl.cc(400)] Failed to connect to MCS endpoint with error -106
Nov 23, 2018 11:47:26.40 [1508:8892:1123/114726.403:ERROR:connection_factory_impl.cc(400)] Failed to connect to MCS endpoint with error -106
Nov 23, 2018 11:48:55.13 [5924:9288:1123/114855.130:ERROR:connection_factory_impl.cc(400)] Failed to connect to MCS endpoint with error -106
Nov 23, 2018 11:49:58.07 [9420:3280:1123/114958.074:ERROR:connection_factory_impl.cc(400)] Failed to connect to MCS endpoint with error -106

Nov 29, 2018 16:46:54.29 NEW SESSION
Nov 29, 2018 16:46:54.29 [480:9876:1129/164654.268:ERROR:socket_stream.cc(219)] Closing stream with result -2
Nov 29, 2018 16:47:10.37 [480:9876:1129/164710.356:ERROR:ssl_client_socket_impl.cc(1061)] handshake failed; returned -1, SSL error code 1, net_error -100
Nov 29, 2018 16:47:10.40 [480:9876:1129/164710.372:ERROR:connection_factory_impl.cc(400)] Failed to connect to MCS endpoint with error -100
Nov 29, 2018 17:11:58.36 [10900:4380:1129/171158.361:ERROR:ssl_client_socket_impl.cc(1061)] handshake failed; returned -1, SSL error code 1, net_error -100
Nov 29, 2018 17:12:29.15 [10900:4380:1129/171229.157:ERROR:ssl_client_socket_impl.cc(1061)] handshake failed; returned -1, SSL error code 1, net_error -100
Nov 29, 2018 17:12:29.20 [10900:4380:1129/171229.202:ERROR:ssl_client_socket_impl.cc(1061)] handshake failed; returned -1, SSL error code 1, net_error -100
Nov 29, 2018 17:12:29.93 [10900:4380:1129/171229.929:ERROR:ssl_client_socket_impl.cc(1061)] handshake failed; returned -1, SSL error code 1, net_error -100
Nov 29, 2018 17:12:29.95 [10900:4380:1129/171229.930:ERROR:ssl_client_socket_impl.cc(1061)] handshake failed; returned -1, SSL error code 1, net_error -100
Nov 29, 2018 17:12:30.73 [10900:4380:1129/171230.734:ERROR:ssl_client_socket_impl.cc(1061)] handshake failed; returned -1, SSL error code 1, net_error -100
Nov 29, 2018 17:12:56.11 [10900:4380:1129/171256.116:ERROR:ssl_client_socket_impl.cc(1061)] handshake failed; returned -1, SSL error code 1, net_error -100
Nov 29, 2018 17:13:32.26 [10900:5064:1129/171332.264:ERROR:textfield.cc(1767)] NOT IMPLEMENTED
Nov 29, 2018 17:20:18.99 [8476:7264:1129/172018.999:ERROR:ssl_client_socket_impl.cc(1061)] handshake failed; returned -1, SSL error code 1, net_error -100
Nov 29, 2018 17:20:19.01 [8476:7264:1129/172018.999:ERROR:connection_factory_impl.cc(400)] Failed to connect to MCS endpoint with error -100

Nov 29, 2018 18:58:17.77 NEW SESSION
Nov 29, 2018 18:58:17.78 [3448:10840:1129/185817.773:ERROR:ssl_client_socket_impl.cc(1061)] handshake failed; returned -1, SSL error code 1, net_error -100
Nov 29, 2018 18:58:18.15 [3448:10840:1129/185818.150:ERROR:ssl_client_socket_impl.cc(1061)] handshake failed; returned -1, SSL error code 1, net_error -100
Nov 29, 2018 18:58:36.48 [3448:10840:1129/185836.482:ERROR:ssl_client_socket_impl.cc(1061)] handshake failed; returned -1, SSL error code 1, net_error -100
Nov 29, 2018 18:58:36.53 [3448:10840:1129/185836.482:ERROR:ssl_client_socket_impl.cc(1061)] handshake failed; returned -1, SSL error code 1, net_error -100
Nov 29, 2018 18:58:41.00 [3448:10840:1129/185841.005:ERROR:ssl_client_socket_impl.cc(1061)] handshake failed; returned -1, SSL error code 1, net_error -100
Nov 29, 2018 19:01:07.95 [3448:10840:1129/190107.949:ERROR:ssl_client_socket_impl.cc(1061)] handshake failed; returned -1, SSL error code 1, net_error -100
Nov 29, 2018 19:01:10.34 [3448:10840:1129/190110.347:ERROR:ssl_client_socket_impl.cc(1061)] handshake failed; returned -1, SSL error code 1, net_error -100
Nov 29, 2018 19:01:14.37 [3448:10840:1129/190114.370:ERROR:ssl_client_socket_impl.cc(1061)] handshake failed; returned -1, SSL error code 1, net_error -101
Nov 29, 2018 19:01:23.94 [3448:10840:1129/190123.948:ERROR:ssl_client_socket_impl.cc(1061)] handshake failed; returned -1, SSL error code 1, net_error -100
Nov 29, 2018 19:02:12.34 [3448:10840:1129/190212.340:ERROR:ssl_client_socket_impl.cc(1061)] handshake failed; returned -1, SSL error code 1, net_error -100
Nov 29, 2018 19:02:12.40 [3448:10840:1129/190212.408:ERROR:ssl_client_socket_impl.cc(1061)] handshake failed; returned -1, SSL error code 1, net_error -100
Nov 29, 2018 19:02:26.19 [3448:10840:1129/190226.190:ERROR:ssl_client_socket_impl.cc(1061)] handshake failed; returned -1, SSL error code 1, net_error -100
Nov 29, 2018 19:02:26.46 [3448:10840:1129/190226.238:ERROR:ssl_client_socket_impl.cc(1061)] handshake failed; returned -1, SSL error code 1, net_error -100
Nov 29, 2018 19:02:26.50 [3448:10840:1129/190226.450:ERROR:ssl_client_socket_impl.cc(1061)] handshake failed; returned -1, SSL error code 1, net_error -100
Nov 29, 2018 19:02:27.12 [3448:10840:1129/190227.125:ERROR:ssl_client_socket_impl.cc(1061)] handshake failed; returned -1, SSL error code 1, net_error -100
Nov 29, 2018 19:02:28.14 [3448:10840:1129/190228.144:ERROR:ssl_client_socket_impl.cc(1061)] handshake failed; returned -1, SSL error code 1, net_error -100
Nov 29, 2018 19:02:38.16 [3448:10840:1129/190238.168:ERROR:ssl_client_socket_impl.cc(1061)] handshake failed; returned -1, SSL error code 1, net_error -100
Nov 29, 2018 19:02:38.60 [3448:10840:1129/190238.604:ERROR:ssl_client_socket_impl.cc(1061)] handshake failed; returned -1, SSL error code 1, net_error -100
Nov 29, 2018 19:05:37.51 [3448:10840:1129/190537.517:ERROR:ssl_client_socket_impl.cc(1061)] handshake failed; returned -1, SSL error code 1, net_error -101
Nov 29, 2018 19:25:56.54 [3448:10840:1129/192556.543:ERROR:ssl_client_socket_impl.cc(1061)] handshake failed; returned -1, SSL error code 1, net_error -100

Feb 08, 2019 13:32:28.08 NEW SESSION
Feb 08, 2019 13:32:28.08 [6364:4380:0208/133228.026:ERROR:in_progress_cache_impl.cc(203)] Cache is not initialized, cannot RetrieveEntry.
Feb 08, 2019 13:32:28.25 [6364:4380:0208/133228.026:ERROR:in_progress_cache_impl.cc(203)] Cache is not initialized, cannot RetrieveEntry.
Feb 08, 2019 13:32:28.28 [6364:4380:0208/133228.026:ERROR:in_progress_cache_impl.cc(203)] Cache is not initialized, cannot RetrieveEntry.
Feb 08, 2019 13:32:28.32 [6364:4380:0208/133228.026:ERROR:in_progress_cache_impl.cc(203)] Cache is not initialized, cannot RetrieveEntry.
Feb 08, 2019 13:32:28.34 [6364:4380:0208/133228.026:ERROR:in_progress_cache_impl.cc(203)] Cache is not initialized, cannot RetrieveEntry.
Feb 08, 2019 13:32:28.36 [6364:4380:0208/133228.026:ERROR:in_progress_cache_impl.cc(203)] Cache is not initialized, cannot RetrieveEntry.
Feb 08, 2019 13:32:28.38 [6364:4380:0208/133228.026:ERROR:in_progress_cache_impl.cc(203)] Cache is not initialized, cannot RetrieveEntry.
Feb 08, 2019 13:32:28.41 [6364:4380:0208/133228.026:ERROR:in_progress_cache_impl.cc(203)] Cache is not initialized, cannot RetrieveEntry.
Feb 08, 2019 13:32:28.49 [6364:4380:0208/133228.026:ERROR:in_progress_cache_impl.cc(203)] Cache is not initialized, cannot RetrieveEntry.
Feb 08, 2019 13:32:28.52 [6364:4380:0208/133228.026:ERROR:in_progress_cache_impl.cc(203)] Cache is not initialized, cannot RetrieveEntry.
Feb 08, 2019 13:32:28.54 [6364:4380:0208/133228.026:ERROR:in_progress_cache_impl.cc(203)] Cache is not initialized, cannot RetrieveEntry.
Feb 08, 2019 13:32:28.57 [6364:4380:0208/133228.026:ERROR:in_progress_cache_impl.cc(203)] Cache is not initialized, cannot RetrieveEntry.
Feb 08, 2019 13:32:28.59 [6364:4380:0208/133228.026:ERROR:in_progress_cache_impl.cc(203)] Cache is not initialized, cannot RetrieveEntry.
Feb 08, 2019 13:32:28.61 [6364:4380:0208/133228.026:ERROR:in_progress_cache_impl.cc(203)] Cache is not initialized, cannot RetrieveEntry.
Feb 08, 2019 13:32:28.63 [6364:4380:0208/133228.026:ERROR:in_progress_cache_impl.cc(203)] Cache is not initialized, cannot RetrieveEntry.
Feb 08, 2019 13:32:28.65 [6364:4380:0208/133228.026:ERROR:in_progress_cache_impl.cc(203)] Cache is not initialized, cannot RetrieveEntry.
Feb 08, 2019 13:32:28.69 [6364:4380:0208/133228.026:ERROR:in_progress_cache_impl.cc(203)] Cache is not initialized, cannot RetrieveEntry.
Feb 08, 2019 13:32:28.71 [6364:4380:0208/133228.026:ERROR:in_progress_cache_impl.cc(203)] Cache is not initialized, cannot RetrieveEntry.
Feb 08, 2019 13:32:28.74 [6364:4380:0208/133228.026:ERROR:in_progress_cache_impl.cc(203)] Cache is not initialized, cannot RetrieveEntry.
Feb 08, 2019 13:32:28.76 [6364:4380:0208/133228.026:ERROR:in_progress_cache_impl.cc(203)] Cache is not initialized, cannot RetrieveEntry.
Feb 08, 2019 13:32:28.78 [6364:4380:0208/133228.026:ERROR:in_progress_cache_impl.cc(203)] Cache is not initialized, cannot RetrieveEntry.
Feb 08, 2019 13:32:28.80 [6364:4380:0208/133228.026:ERROR:in_progress_cache_impl.cc(203)] Cache is not initialized, cannot RetrieveEntry.
Feb 08, 2019 13:32:28.82 [6364:4380:0208/133228.026:ERROR:in_progress_cache_impl.cc(203)] Cache is not initialized, cannot RetrieveEntry.
Feb 08, 2019 13:32:28.84 [6364:4380:0208/133228.026:ERROR:in_progress_cache_impl.cc(203)] Cache is not initialized, cannot RetrieveEntry.
Feb 08, 2019 13:32:28.86 [6364:4380:0208/133228.026:ERROR:in_progress_cache_impl.cc(203)] Cache is not initialized, cannot RetrieveEntry.
Feb 08, 2019 13:32:28.88 [6364:4380:0208/133228.026:ERROR:in_progress_cache_impl.cc(203)] Cache is not initialized, cannot RetrieveEntry.
Feb 08, 2019 13:32:28.90 [6364:4380:0208/133228.026:ERROR:in_progress_cache_impl.cc(203)] Cache is not initialized, cannot RetrieveEntry.
Feb 08, 2019 13:32:28.93 [6364:4380:0208/133228.026:ERROR:in_progress_cache_impl.cc(203)] Cache is not initialized, cannot RetrieveEntry.
Feb 08, 2019 13:32:28.95 [6364:4380:0208/133228.026:ERROR:in_progress_cache_impl.cc(203)] Cache is not initialized, cannot RetrieveEntry.
Feb 08, 2019 13:32:28.97 [6364:4380:0208/133228.026:ERROR:in_progress_cache_impl.cc(203)] Cache is not initialized, cannot RetrieveEntry.
Feb 08, 2019 13:32:28.98 [6364:4380:0208/133228.026:ERROR:in_progress_cache_impl.cc(203)] Cache is not initialized, cannot RetrieveEntry.
Feb 08, 2019 13:32:29.01 [6364:4380:0208/133228.026:ERROR:in_progress_cache_impl.cc(203)] Cache is not initialized, cannot RetrieveEntry.
Feb 08, 2019 13:32:29.03 [6364:4380:0208/133228.026:ERROR:in_progress_cache_impl.cc(203)] Cache is not initialized, cannot RetrieveEntry.
Feb 08, 2019 13:32:29.05 [6364:9524:0208/133228.188:ERROR:connection_factory_impl.cc(408)] Failed to connect to MCS endpoint with error -106
Feb 08, 2019 13:32:53.89 [6364:9524:0208/133253.897:ERROR:connection_factory_impl.cc(408)] Failed to connect to MCS endpoint with error -106
Feb 08, 2019 13:33:44.56 [6364:9524:0208/133344.567:ERROR:connection_factory_impl.cc(408)] Failed to connect to MCS endpoint with error -106
Feb 08, 2019 13:35:40.99 [6364:9524:0208/133540.990:ERROR:connection_factory_impl.cc(408)] Failed to connect to MCS endpoint with error -106
Feb 08, 2019 13:39:07.73 [6364:9524:0208/133907.730:ERROR:connection_factory_impl.cc(408)] Failed to connect to MCS endpoint with error -106
Feb 08, 2019 13:42:43.20 [6364:4380:0208/134243.202:ERROR:gcm_channel_status_request.cc(151)] GCM channel request failed.

Feb 08, 2019 14:21:11.86 NEW SESSION
Feb 08, 2019 14:21:11.86 [3872:8708:0208/142111.826:ERROR:in_progress_cache_impl.cc(203)] Cache is not initialized, cannot RetrieveEntry.
Feb 08, 2019 14:21:12.12 [3872:8708:0208/142111.827:ERROR:in_progress_cache_impl.cc(203)] Cache is not initialized, cannot RetrieveEntry.
Feb 08, 2019 14:21:12.48 [3872:8708:0208/142111.827:ERROR:in_progress_cache_impl.cc(203)] Cache is not initialized, cannot RetrieveEntry.
Feb 08, 2019 14:21:12.59 [3872:8708:0208/142111.827:ERROR:in_progress_cache_impl.cc(203)] Cache is not initialized, cannot RetrieveEntry.
Feb 08, 2019 14:21:12.62 [3872:8708:0208/142111.827:ERROR:in_progress_cache_impl.cc(203)] Cache is not initialized, cannot RetrieveEntry.
Feb 08, 2019 14:21:12.73 [3872:8708:0208/142111.827:ERROR:in_progress_cache_impl.cc(203)] Cache is not initialized, cannot RetrieveEntry.
Feb 08, 2019 14:21:12.90 [3872:8708:0208/142111.827:ERROR:in_progress_cache_impl.cc(203)] Cache is not initialized, cannot RetrieveEntry.
Feb 08, 2019 14:21:12.93 [3872:8708:0208/142111.827:ERROR:in_progress_cache_impl.cc(203)] Cache is not initialized, cannot RetrieveEntry.
Feb 08, 2019 14:21:12.95 [3872:8708:0208/142111.827:ERROR:in_progress_cache_impl.cc(203)] Cache is not initialized, cannot RetrieveEntry.
Feb 08, 2019 14:21:12.99 [3872:8708:0208/142111.827:ERROR:in_progress_cache_impl.cc(203)] Cache is not initialized, cannot RetrieveEntry.
Feb 08, 2019 14:21:13.02 [3872:8708:0208/142111.827:ERROR:in_progress_cache_impl.cc(203)] Cache is not initialized, cannot RetrieveEntry.
Feb 08, 2019 14:21:13.04 [3872:8708:0208/142111.827:ERROR:in_progress_cache_impl.cc(203)] Cache is not initialized, cannot RetrieveEntry.
Feb 08, 2019 14:21:13.11 [3872:8708:0208/142111.827:ERROR:in_progress_cache_impl.cc(203)] Cache is not initialized, cannot RetrieveEntry.
Feb 08, 2019 14:21:13.18 [3872:8708:0208/142111.828:ERROR:in_progress_cache_impl.cc(203)] Cache is not initialized, cannot RetrieveEntry.
Feb 08, 2019 14:21:13.29 [3872:8708:0208/142111.828:ERROR:in_progress_cache_impl.cc(203)] Cache is not initialized, cannot RetrieveEntry.
Feb 08, 2019 14:21:13.35 [3872:8708:0208/142111.828:ERROR:in_progress_cache_impl.cc(203)] Cache is not initialized, cannot RetrieveEntry.
Feb 08, 2019 14:21:13.38 [3872:8708:0208/142111.828:ERROR:in_progress_cache_impl.cc(203)] Cache is not initialized, cannot RetrieveEntry.
Feb 08, 2019 14:21:13.43 [3872:8708:0208/142111.828:ERROR:in_progress_cache_impl.cc(203)] Cache is not initialized, cannot RetrieveEntry.
Feb 08, 2019 14:21:13.51 [3872:8708:0208/142111.828:ERROR:in_progress_cache_impl.cc(203)] Cache is not initialized, cannot RetrieveEntry.
Feb 08, 2019 14:21:13.54 [3872:8708:0208/142111.828:ERROR:in_progress_cache_impl.cc(203)] Cache is not initialized, cannot RetrieveEntry.
Feb 08, 2019 14:21:13.58 [3872:8708:0208/142111.828:ERROR:in_progress_cache_impl.cc(203)] Cache is not initialized, cannot RetrieveEntry.
Feb 08, 2019 14:21:13.63 [3872:8708:0208/142111.828:ERROR:in_progress_cache_impl.cc(203)] Cache is not initialized, cannot RetrieveEntry.
Feb 08, 2019 14:21:13.66 [3872:8708:0208/142111.828:ERROR:in_progress_cache_impl.cc(203)] Cache is not initialized, cannot RetrieveEntry.
Feb 08, 2019 14:21:13.70 [3872:8708:0208/142111.828:ERROR:in_progress_cache_impl.cc(203)] Cache is not initialized, cannot RetrieveEntry.
Feb 08, 2019 14:21:13.73 [3872:8708:0208/142111.828:ERROR:in_progress_cache_impl.cc(203)] Cache is not initialized, cannot RetrieveEntry.
Feb 08, 2019 14:21:13.75 [3872:8708:0208/142111.828:ERROR:in_progress_cache_impl.cc(203)] Cache is not initialized, cannot RetrieveEntry.
Feb 08, 2019 14:21:13.78 [3872:8708:0208/142111.829:ERROR:in_progress_cache_impl.cc(203)] Cache is not initialized, cannot RetrieveEntry.
Feb 08, 2019 14:21:13.82 [3872:8708:0208/142111.829:ERROR:in_progress_cache_impl.cc(203)] Cache is not initialized, cannot RetrieveEntry.
Feb 08, 2019 14:21:13.86 [3872:8708:0208/142111.829:ERROR:in_progress_cache_impl.cc(203)] Cache is not initialized, cannot RetrieveEntry.
Feb 08, 2019 14:21:13.88 [3872:8708:0208/142111.829:ERROR:in_progress_cache_impl.cc(203)] Cache is not initialized, cannot RetrieveEntry.
Feb 08, 2019 14:21:13.91 [3872:8708:0208/142111.829:ERROR:in_progress_cache_impl.cc(203)] Cache is not initialized, cannot RetrieveEntry.
Feb 08, 2019 14:21:13.93 [3872:8708:0208/142111.829:ERROR:in_progress_cache_impl.cc(203)] Cache is not initialized, cannot RetrieveEntry.
Feb 08, 2019 14:21:13.97 [3872:8708:0208/142111.829:ERROR:in_progress_cache_impl.cc(203)] Cache is not initialized, cannot RetrieveEntry.
Feb 08, 2019 14:21:14.01 [3872:8904:0208/142112.412:ERROR:connection_factory_impl.cc(408)] Failed to connect to MCS endpoint with error -106
Feb 08, 2019 14:21:42.02 [3872:8904:0208/142142.021:ERROR:connection_factory_impl.cc(408)] Failed to connect to MCS endpoint with error -106
Feb 08, 2019 14:22:29.59 [3872:8904:0208/142229.598:ERROR:connection_factory_impl.cc(408)] Failed to connect to MCS endpoint with error -106
Feb 08, 2019 14:24:05.02 [3872:8904:0208/142405.020:ERROR:connection_factory_impl.cc(408)] Failed to connect to MCS endpoint with error -106
Feb 08, 2019 14:27:44.55 [3872:8904:0208/142744.559:ERROR:connection_factory_impl.cc(408)] Failed to connect to MCS endpoint with error -106
Feb 08, 2019 14:30:36.44 [3872:8708:0208/143036.425:ERROR:gcm_channel_status_request.cc(151)] GCM channel request failed.
Feb 08, 2019 14:30:57.98 [3872:8708:0208/143057.988:ERROR:gcm_channel_status_request.cc(151)] GCM channel request failed.
Feb 08, 2019 14:31:40.70 [3872:8708:0208/143140.699:ERROR:gcm_channel_status_request.cc(151)] GCM channel request failed.
Feb 08, 2019 14:33:33.39 [3872:8708:0208/143333.398:ERROR:gcm_channel_status_request.cc(151)] GCM channel request failed.
Feb 08, 2019 14:35:12.23 [3872:8904:0208/143512.239:ERROR:connection_factory_impl.cc(408)] Failed to connect to MCS endpoint with error -106
Feb 08, 2019 14:36:44.75 [3872:8708:0208/143644.750:ERROR:gcm_channel_status_request.cc(151)] GCM channel request failed.
Feb 08, 2019 14:42:26.05 [3872:8708:0208/144226.054:ERROR:gcm_channel_status_request.cc(151)] GCM channel request failed.

Mar 14, 2019 13:32:32.70 NEW SESSION
Mar 14, 2019 13:32:32.70 [9872:7072:0314/133232.655:ERROR:in_progress_cache_impl.cc(203)] Cache is not initialized, cannot RetrieveEntry.
Mar 14, 2019 13:32:33.08 [9872:7072:0314/133232.655:ERROR:in_progress_cache_impl.cc(203)] Cache is not initialized, cannot RetrieveEntry.
Mar 14, 2019 13:32:33.16 [9872:7072:0314/133232.655:ERROR:in_progress_cache_impl.cc(203)] Cache is not initialized, cannot RetrieveEntry.
Mar 14, 2019 13:32:33.79 [9872:7072:0314/133232.655:ERROR:in_progress_cache_impl.cc(203)] Cache is not initialized, cannot RetrieveEntry.
Mar 14, 2019 13:32:33.83 [9872:7072:0314/133232.655:ERROR:in_progress_cache_impl.cc(203)] Cache is not initialized, cannot RetrieveEntry.
Mar 14, 2019 13:32:33.87 [9872:7072:0314/133232.655:ERROR:in_progress_cache_impl.cc(203)] Cache is not initialized, cannot RetrieveEntry.
Mar 14, 2019 13:32:33.90 [9872:7072:0314/133232.655:ERROR:in_progress_cache_impl.cc(203)] Cache is not initialized, cannot RetrieveEntry.
Mar 14, 2019 13:32:33.92 [9872:7072:0314/133232.655:ERROR:in_progress_cache_impl.cc(203)] Cache is not initialized, cannot RetrieveEntry.
Mar 14, 2019 13:32:33.95 [9872:7072:0314/133232.655:ERROR:in_progress_cache_impl.cc(203)] Cache is not initialized, cannot RetrieveEntry.
Mar 14, 2019 13:32:33.97 [9872:7072:0314/133232.655:ERROR:in_progress_cache_impl.cc(203)] Cache is not initialized, cannot RetrieveEntry.
Mar 14, 2019 13:32:34.00 [9872:7072:0314/133232.655:ERROR:in_progress_cache_impl.cc(203)] Cache is not initialized, cannot RetrieveEntry.
Mar 14, 2019 13:32:34.03 [9872:7072:0314/133232.655:ERROR:in_progress_cache_impl.cc(203)] Cache is not initialized, cannot RetrieveEntry.
Mar 14, 2019 13:32:34.07 [9872:7072:0314/133232.655:ERROR:in_progress_cache_impl.cc(203)] Cache is not initialized, cannot RetrieveEntry.
Mar 14, 2019 13:32:34.10 [9872:7072:0314/133232.655:ERROR:in_progress_cache_impl.cc(203)] Cache is not initialized, cannot RetrieveEntry.
Mar 14, 2019 13:32:34.13 [9872:7072:0314/133232.655:ERROR:in_progress_cache_impl.cc(203)] Cache is not initialized, cannot RetrieveEntry.
Mar 14, 2019 13:32:34.16 [9872:7072:0314/133232.655:ERROR:in_progress_cache_impl.cc(203)] Cache is not initialized, cannot RetrieveEntry.
Mar 14, 2019 13:32:34.19 [9872:7072:0314/133232.655:ERROR:in_progress_cache_impl.cc(203)] Cache is not initialized, cannot RetrieveEntry.
Mar 14, 2019 13:32:34.22 [9872:7072:0314/133232.655:ERROR:in_progress_cache_impl.cc(203)] Cache is not initialized, cannot RetrieveEntry.
Mar 14, 2019 13:32:34.26 [9872:7072:0314/133232.655:ERROR:in_progress_cache_impl.cc(203)] Cache is not initialized, cannot RetrieveEntry.
Mar 14, 2019 13:32:34.29 [9872:7072:0314/133232.655:ERROR:in_progress_cache_impl.cc(203)] Cache is not initialized, cannot RetrieveEntry.
Mar 14, 2019 13:32:34.32 [9872:7072:0314/133232.655:ERROR:in_progress_cache_impl.cc(203)] Cache is not initialized, cannot RetrieveEntry.
Mar 14, 2019 13:32:34.36 [9872:7072:0314/133232.655:ERROR:in_progress_cache_impl.cc(203)] Cache is not initialized, cannot RetrieveEntry.
Mar 14, 2019 13:32:34.39 [9872:7072:0314/133232.655:ERROR:in_progress_cache_impl.cc(203)] Cache is not initialized, cannot RetrieveEntry.
Mar 14, 2019 13:32:34.44 [9872:7072:0314/133232.655:ERROR:in_progress_cache_impl.cc(203)] Cache is not initialized, cannot RetrieveEntry.
Mar 14, 2019 13:32:34.48 [9872:7072:0314/133232.655:ERROR:in_progress_cache_impl.cc(203)] Cache is not initialized, cannot RetrieveEntry.
Mar 14, 2019 13:32:34.52 [9872:7072:0314/133232.655:ERROR:in_progress_cache_impl.cc(203)] Cache is not initialized, cannot RetrieveEntry.
Mar 14, 2019 13:32:34.56 [9872:7072:0314/133232.655:ERROR:in_progress_cache_impl.cc(203)] Cache is not initialized, cannot RetrieveEntry.
Mar 14, 2019 13:32:34.59 [9872:7072:0314/133232.655:ERROR:in_progress_cache_impl.cc(203)] Cache is not initialized, cannot RetrieveEntry.
Mar 14, 2019 13:32:34.64 [9872:7072:0314/133232.655:ERROR:in_progress_cache_impl.cc(203)] Cache is not initialized, cannot RetrieveEntry.
Mar 14, 2019 13:32:34.68 [9872:7072:0314/133232.655:ERROR:in_progress_cache_impl.cc(203)] Cache is not initialized, cannot RetrieveEntry.
Mar 14, 2019 13:32:34.71 [9872:7072:0314/133232.655:ERROR:in_progress_cache_impl.cc(203)] Cache is not initialized, cannot RetrieveEntry.
Mar 14, 2019 13:32:34.76 [9872:7072:0314/133232.655:ERROR:in_progress_cache_impl.cc(203)] Cache is not initialized, cannot RetrieveEntry.
Mar 14, 2019 13:32:35.06 [9872:7072:0314/133232.655:ERROR:in_progress_cache_impl.cc(203)] Cache is not initialized, cannot RetrieveEntry.
Mar 14, 2019 13:32:35.09 [9872:7072:0314/133232.655:ERROR:in_progress_cache_impl.cc(203)] Cache is not initialized, cannot RetrieveEntry.
Mar 14, 2019 13:32:35.12 [9872:7072:0314/133232.655:ERROR:in_progress_cache_impl.cc(203)] Cache is not initialized, cannot RetrieveEntry.
Mar 14, 2019 13:32:35.39 [9872:7072:0314/133232.655:ERROR:in_progress_cache_impl.cc(203)] Cache is not initialized, cannot RetrieveEntry.
Mar 14, 2019 13:59:36.93 [8312:7308:0314/135936.935:ERROR:in_progress_cache_impl.cc(203)] Cache is not initialized, cannot RetrieveEntry.
Mar 14, 2019 13:59:37.12 [8312:7308:0314/135936.935:ERROR:in_progress_cache_impl.cc(203)] Cache is not initialized, cannot RetrieveEntry.
Mar 14, 2019 13:59:37.43 [8312:7308:0314/135936.935:ERROR:in_progress_cache_impl.cc(203)] Cache is not initialized, cannot RetrieveEntry.
Mar 14, 2019 13:59:37.53 [8312:7308:0314/135936.935:ERROR:in_progress_cache_impl.cc(203)] Cache is not initialized, cannot RetrieveEntry.
Mar 14, 2019 13:59:37.60 [8312:7308:0314/135936.935:ERROR:in_progress_cache_impl.cc(203)] Cache is not initialized, cannot RetrieveEntry.
Mar 14, 2019 13:59:37.63 [8312:7308:0314/135936.935:ERROR:in_progress_cache_impl.cc(203)] Cache is not initialized, cannot RetrieveEntry.
Mar 14, 2019 13:59:37.67 [8312:7308:0314/135936.935:ERROR:in_progress_cache_impl.cc(203)] Cache is not initialized, cannot RetrieveEntry.
Mar 14, 2019 13:59:37.70 [8312:7308:0314/135936.935:ERROR:in_progress_cache_impl.cc(203)] Cache is not initialized, cannot RetrieveEntry.
Mar 14, 2019 13:59:37.72 [8312:7308:0314/135936.935:ERROR:in_progress_cache_impl.cc(203)] Cache is not initialized, cannot RetrieveEntry.
Mar 14, 2019 13:59:37.75 [8312:7308:0314/135936.935:ERROR:in_progress_cache_impl.cc(203)] Cache is not initialized, cannot RetrieveEntry.
Mar 14, 2019 13:59:37.77 [8312:7308:0314/135936.935:ERROR:in_progress_cache_impl.cc(203)] Cache is not initialized, cannot RetrieveEntry.
Mar 14, 2019 13:59:37.81 [8312:7308:0314/135936.935:ERROR:in_progress_cache_impl.cc(203)] Cache is not initialized, cannot RetrieveEntry.
Mar 14, 2019 13:59:37.83 [8312:7308:0314/135936.935:ERROR:in_progress_cache_impl.cc(203)] Cache is not initialized, cannot RetrieveEntry.
Mar 14, 2019 13:59:37.86 [8312:7308:0314/135936.935:ERROR:in_progress_cache_impl.cc(203)] Cache is not initialized, cannot RetrieveEntry.
Mar 14, 2019 13:59:37.89 [8312:7308:0314/135936.935:ERROR:in_progress_cache_impl.cc(203)] Cache is not initialized, cannot RetrieveEntry.
Mar 14, 2019 13:59:37.92 [8312:7308:0314/135936.935:ERROR:in_progress_cache_impl.cc(203)] Cache is not initialized, cannot RetrieveEntry.
Mar 14, 2019 13:59:37.95 [8312:7308:0314/135936.935:ERROR:in_progress_cache_impl.cc(203)] Cache is not initialized, cannot RetrieveEntry.
Mar 14, 2019 13:59:37.98 [8312:7308:0314/135936.935:ERROR:in_progress_cache_impl.cc(203)] Cache is not initialized, cannot RetrieveEntry.
Mar 14, 2019 13:59:38.04 [8312:7308:0314/135936.935:ERROR:in_progress_cache_impl.cc(203)] Cache is not initialized, cannot RetrieveEntry.
Mar 14, 2019 13:59:38.07 [8312:7308:0314/135936.935:ERROR:in_progress_cache_impl.cc(203)] Cache is not initialized, cannot RetrieveEntry.
Mar 14, 2019 13:59:38.12 [8312:7308:0314/135936.935:ERROR:in_progress_cache_impl.cc(203)] Cache is not initialized, cannot RetrieveEntry.
Mar 14, 2019 13:59:38.15 [8312:7308:0314/135936.935:ERROR:in_progress_cache_impl.cc(203)] Cache is not initialized, cannot RetrieveEntry.
Mar 14, 2019 13:59:38.18 [8312:7308:0314/135936.935:ERROR:in_progress_cache_impl.cc(203)] Cache is not initialized, cannot RetrieveEntry.
Mar 14, 2019 13:59:38.21 [8312:7308:0314/135936.935:ERROR:in_progress_cache_impl.cc(203)] Cache is not initialized, cannot RetrieveEntry.
Mar 14, 2019 13:59:38.26 [8312:7308:0314/135936.935:ERROR:in_progress_cache_impl.cc(203)] Cache is not initialized, cannot RetrieveEntry.
Mar 14, 2019 13:59:38.30 [8312:7308:0314/135936.935:ERROR:in_progress_cache_impl.cc(203)] Cache is not initialized, cannot RetrieveEntry.
Mar 14, 2019 13:59:38.34 [8312:7308:0314/135936.935:ERROR:in_progress_cache_impl.cc(203)] Cache is not initialized, cannot RetrieveEntry.
Mar 14, 2019 13:59:38.39 [8312:7308:0314/135936.935:ERROR:in_progress_cache_impl.cc(203)] Cache is not initialized, cannot RetrieveEntry.
Mar 14, 2019 13:59:38.42 [8312:7308:0314/135936.935:ERROR:in_progress_cache_impl.cc(203)] Cache is not initialized, cannot RetrieveEntry.
Mar 14, 2019 13:59:38.45 [8312:7308:0314/135936.935:ERROR:in_progress_cache_impl.cc(203)] Cache is not initialized, cannot RetrieveEntry.
Mar 14, 2019 13:59:38.49 [8312:7308:0314/135936.935:ERROR:in_progress_cache_impl.cc(203)] Cache is not initialized, cannot RetrieveEntry.
Mar 14, 2019 13:59:38.59 [8312:7308:0314/135936.935:ERROR:in_progress_cache_impl.cc(203)] Cache is not initialized, cannot RetrieveEntry.
Mar 14, 2019 13:59:38.66 [8312:7308:0314/135936.935:ERROR:in_progress_cache_impl.cc(203)] Cache is not initialized, cannot RetrieveEntry.
Mar 14, 2019 13:59:38.72 [8312:7308:0314/135936.935:ERROR:in_progress_cache_impl.cc(203)] Cache is not initialized, cannot RetrieveEntry.
Mar 14, 2019 13:59:38.75 [8312:7308:0314/135936.935:ERROR:in_progress_cache_impl.cc(203)] Cache is not initialized, cannot RetrieveEntry.
Mar 14, 2019 13:59:38.87 [8312:7308:0314/135936.935:ERROR:in_progress_cache_impl.cc(203)] Cache is not initialized, cannot RetrieveEntry.
Mar 14, 2019 14:44:26.29 [4184:7708:0314/144426.264:ERROR:in_progress_cache_impl.cc(203)] Cache is not initialized, cannot RetrieveEntry.
Mar 14, 2019 14:44:26.47 [4184:7708:0314/144426.264:ERROR:in_progress_cache_impl.cc(203)] Cache is not initialized, cannot RetrieveEntry.
Mar 14, 2019 14:44:26.68 [4184:7708:0314/144426.264:ERROR:in_progress_cache_impl.cc(203)] Cache is not initialized, cannot RetrieveEntry.
Mar 14, 2019 14:44:26.76 [4184:7708:0314/144426.264:ERROR:in_progress_cache_impl.cc(203)] Cache is not initialized, cannot RetrieveEntry.
Mar 14, 2019 14:44:26.82 [4184:7708:0314/144426.264:ERROR:in_progress_cache_impl.cc(203)] Cache is not initialized, cannot RetrieveEntry.
Mar 14, 2019 14:44:26.88 [4184:7708:0314/144426.264:ERROR:in_progress_cache_impl.cc(203)] Cache is not initialized, cannot RetrieveEntry.
Mar 14, 2019 14:44:26.96 [4184:7708:0314/144426.264:ERROR:in_progress_cache_impl.cc(203)] Cache is not initialized, cannot RetrieveEntry.
Mar 14, 2019 14:44:27.03 [4184:7708:0314/144426.264:ERROR:in_progress_cache_impl.cc(203)] Cache is not initialized, cannot RetrieveEntry.
Mar 14, 2019 14:44:27.10 [4184:7708:0314/144426.264:ERROR:in_progress_cache_impl.cc(203)] Cache is not initialized, cannot RetrieveEntry.
Mar 14, 2019 14:44:27.17 [4184:7708:0314/144426.264:ERROR:in_progress_cache_impl.cc(203)] Cache is not initialized, cannot RetrieveEntry.
Mar 14, 2019 14:44:27.26 [4184:7708:0314/144426.264:ERROR:in_progress_cache_impl.cc(203)] Cache is not initialized, cannot RetrieveEntry.
Mar 14, 2019 14:44:27.33 [4184:7708:0314/144426.264:ERROR:in_progress_cache_impl.cc(203)] Cache is not initialized, cannot RetrieveEntry.
Mar 14, 2019 14:44:27.37 [4184:7708:0314/144426.264:ERROR:in_progress_cache_impl.cc(203)] Cache is not initialized, cannot RetrieveEntry.
Mar 14, 2019 14:44:27.42 [4184:7708:0314/144426.264:ERROR:in_progress_cache_impl.cc(203)] Cache is not initialized, cannot RetrieveEntry.
Mar 14, 2019 14:44:27.46 [4184:7708:0314/144426.264:ERROR:in_progress_cache_impl.cc(203)] Cache is not initialized, cannot RetrieveEntry.
Mar 14, 2019 14:44:27.50 [4184:7708:0314/144426.264:ERROR:in_progress_cache_impl.cc(203)] Cache is not initialized, cannot RetrieveEntry.
Mar 14, 2019 14:44:27.57 [4184:7708:0314/144426.264:ERROR:in_progress_cache_impl.cc(203)] Cache is not initialized, cannot RetrieveEntry.
Mar 14, 2019 14:44:27.63 [4184:7708:0314/144426.264:ERROR:in_progress_cache_impl.cc(203)] Cache is not initialized, cannot RetrieveEntry.
Mar 14, 2019 14:44:27.66 [4184:7708:0314/144426.264:ERROR:in_progress_cache_impl.cc(203)] Cache is not initialized, cannot RetrieveEntry.
Mar 14, 2019 14:44:27.69 [4184:7708:0314/144426.264:ERROR:in_progress_cache_impl.cc(203)] Cache is not initialized, cannot RetrieveEntry.
Mar 14, 2019 14:44:27.71 [4184:7708:0314/144426.264:ERROR:in_progress_cache_impl.cc(203)] Cache is not initialized, cannot RetrieveEntry.
Mar 14, 2019 14:44:27.74 [4184:7708:0314/144426.264:ERROR:in_progress_cache_impl.cc(203)] Cache is not initialized, cannot RetrieveEntry.
Mar 14, 2019 14:44:27.77 [4184:7708:0314/144426.264:ERROR:in_progress_cache_impl.cc(203)] Cache is not initialized, cannot RetrieveEntry.
Mar 14, 2019 14:44:27.80 [4184:7708:0314/144426.264:ERROR:in_progress_cache_impl.cc(203)] Cache is not initialized, cannot RetrieveEntry.
Mar 14, 2019 14:44:27.84 [4184:7708:0314/144426.264:ERROR:in_progress_cache_impl.cc(203)] Cache is not initialized, cannot RetrieveEntry.
Mar 14, 2019 14:44:27.86 [4184:7708:0314/144426.264:ERROR:in_progress_cache_impl.cc(203)] Cache is not initialized, cannot RetrieveEntry.
Mar 14, 2019 14:44:27.90 [4184:7708:0314/144426.264:ERROR:in_progress_cache_impl.cc(203)] Cache is not initialized, cannot RetrieveEntry.
Mar 14, 2019 14:44:27.92 [4184:7708:0314/144426.264:ERROR:in_progress_cache_impl.cc(203)] Cache is not initialized, cannot RetrieveEntry.
Mar 14, 2019 14:44:27.95 [4184:7708:0314/144426.264:ERROR:in_progress_cache_impl.cc(203)] Cache is not initialized, cannot RetrieveEntry.
Mar 14, 2019 14:44:27.98 [4184:7708:0314/144426.264:ERROR:in_progress_cache_impl.cc(203)] Cache is not initialized, cannot RetrieveEntry.
Mar 14, 2019 14:44:28.01 [4184:7708:0314/144426.264:ERROR:in_progress_cache_impl.cc(203)] Cache is not initialized, cannot RetrieveEntry.
Mar 14, 2019 14:44:28.05 [4184:7708:0314/144426.264:ERROR:in_progress_cache_impl.cc(203)] Cache is not initialized, cannot RetrieveEntry.
Mar 14, 2019 14:44:28.08 [4184:7708:0314/144426.264:ERROR:in_progress_cache_impl.cc(203)] Cache is not initialized, cannot RetrieveEntry.
Mar 14, 2019 14:44:28.12 [4184:7708:0314/144426.264:ERROR:in_progress_cache_impl.cc(203)] Cache is not initialized, cannot RetrieveEntry.
Mar 14, 2019 14:44:28.16 [4184:7708:0314/144426.264:ERROR:in_progress_cache_impl.cc(203)] Cache is not initialized, cannot RetrieveEntry.
Mar 14, 2019 14:44:28.25 [4184:7708:0314/144426.264:ERROR:in_progress_cache_impl.cc(203)] Cache is not initialized, cannot RetrieveEntry.
Mar 14, 2019 14:44:28.30 [4184:2132:0314/144427.761:ERROR:connection_factory_impl.cc(408)] Failed to connect to MCS endpoint with error -106
Mar 14, 2019 14:56:50.96 [1312:5272:0314/145650.932:ERROR:in_progress_cache_impl.cc(203)] Cache is not initialized, cannot RetrieveEntry.
Mar 14, 2019 14:56:51.20 [1312:5272:0314/145650.932:ERROR:in_progress_cache_impl.cc(203)] Cache is not initialized, cannot RetrieveEntry.
Mar 14, 2019 14:56:51.30 [1312:5272:0314/145650.932:ERROR:in_progress_cache_impl.cc(203)] Cache is not initialized, cannot RetrieveEntry.
Mar 14, 2019 14:56:51.42 [1312:5272:0314/145650.932:ERROR:in_progress_cache_impl.cc(203)] Cache is not initialized, cannot RetrieveEntry.
Mar 14, 2019 14:56:51.51 [1312:5272:0314/145650.932:ERROR:in_progress_cache_impl.cc(203)] Cache is not initialized, cannot RetrieveEntry.
Mar 14, 2019 14:56:51.58 [1312:5272:0314/145650.932:ERROR:in_progress_cache_impl.cc(203)] Cache is not initialized, cannot RetrieveEntry.
Mar 14, 2019 14:56:51.64 [1312:5272:0314/145650.932:ERROR:in_progress_cache_impl.cc(203)] Cache is not initialized, cannot RetrieveEntry.
Mar 14, 2019 14:56:51.69 [1312:5272:0314/145650.932:ERROR:in_progress_cache_impl.cc(203)] Cache is not initialized, cannot RetrieveEntry.
Mar 14, 2019 14:56:51.73 [1312:5272:0314/145650.932:ERROR:in_progress_cache_impl.cc(203)] Cache is not initialized, cannot RetrieveEntry.
Mar 14, 2019 14:56:51.80 [1312:5272:0314/145650.932:ERROR:in_progress_cache_impl.cc(203)] Cache is not initialized, cannot RetrieveEntry.
Mar 14, 2019 14:56:51.91 [1312:5272:0314/145650.932:ERROR:in_progress_cache_impl.cc(203)] Cache is not initialized, cannot RetrieveEntry.
Mar 14, 2019 14:56:51.96 [1312:5272:0314/145650.932:ERROR:in_progress_cache_impl.cc(203)] Cache is not initialized, cannot RetrieveEntry.
Mar 14, 2019 14:56:52.02 [1312:5272:0314/145650.932:ERROR:in_progress_cache_impl.cc(203)] Cache is not initialized, cannot RetrieveEntry.
Mar 14, 2019 14:56:52.10 [1312:5272:0314/145650.932:ERROR:in_progress_cache_impl.cc(203)] Cache is not initialized, cannot RetrieveEntry.
Mar 14, 2019 14:56:52.14 [1312:5272:0314/145650.932:ERROR:in_progress_cache_impl.cc(203)] Cache is not initialized, cannot RetrieveEntry.
Mar 14, 2019 14:56:52.17 [1312:5272:0314/145650.932:ERROR:in_progress_cache_impl.cc(203)] Cache is not initialized, cannot RetrieveEntry.
Mar 14, 2019 14:56:52.23 [1312:5272:0314/145650.932:ERROR:in_progress_cache_impl.cc(203)] Cache is not initialized, cannot RetrieveEntry.
Mar 14, 2019 14:56:52.32 [1312:5272:0314/145650.932:ERROR:in_progress_cache_impl.cc(203)] Cache is not initialized, cannot RetrieveEntry.
Mar 14, 2019 14:56:52.35 [1312:5272:0314/145650.932:ERROR:in_progress_cache_impl.cc(203)] Cache is not initialized, cannot RetrieveEntry.
Mar 14, 2019 14:56:52.39 [1312:5272:0314/145650.932:ERROR:in_progress_cache_impl.cc(203)] Cache is not initialized, cannot RetrieveEntry.
Mar 14, 2019 14:56:52.41 [1312:5272:0314/145650.932:ERROR:in_progress_cache_impl.cc(203)] Cache is not initialized, cannot RetrieveEntry.
Mar 14, 2019 14:56:52.44 [1312:5272:0314/145650.932:ERROR:in_progress_cache_impl.cc(203)] Cache is not initialized, cannot RetrieveEntry.
Mar 14, 2019 14:56:52.47 [1312:5272:0314/145650.932:ERROR:in_progress_cache_impl.cc(203)] Cache is not initialized, cannot RetrieveEntry.
Mar 14, 2019 14:56:52.51 [1312:5272:0314/145650.932:ERROR:in_progress_cache_impl.cc(203)] Cache is not initialized, cannot RetrieveEntry.
Mar 14, 2019 14:56:52.55 [1312:5272:0314/145650.932:ERROR:in_progress_cache_impl.cc(203)] Cache is not initialized, cannot RetrieveEntry.
Mar 14, 2019 14:56:52.59 [1312:5272:0314/145650.932:ERROR:in_progress_cache_impl.cc(203)] Cache is not initialized, cannot RetrieveEntry.
Mar 14, 2019 14:56:52.62 [1312:5272:0314/145650.932:ERROR:in_progress_cache_impl.cc(203)] Cache is not initialized, cannot RetrieveEntry.
Mar 14, 2019 14:56:52.66 [1312:5272:0314/145650.932:ERROR:in_progress_cache_impl.cc(203)] Cache is not initialized, cannot RetrieveEntry.
Mar 14, 2019 14:56:52.69 [1312:5272:0314/145650.932:ERROR:in_progress_cache_impl.cc(203)] Cache is not initialized, cannot RetrieveEntry.
Mar 14, 2019 14:56:52.72 [1312:5272:0314/145650.932:ERROR:in_progress_cache_impl.cc(203)] Cache is not initialized, cannot RetrieveEntry.
Mar 14, 2019 14:56:52.75 [1312:5272:0314/145650.932:ERROR:in_progress_cache_impl.cc(203)] Cache is not initialized, cannot RetrieveEntry.
Mar 14, 2019 14:56:52.80 [1312:5272:0314/145650.932:ERROR:in_progress_cache_impl.cc(203)] Cache is not initialized, cannot RetrieveEntry.
Mar 14, 2019 14:56:52.87 [1312:5272:0314/145650.932:ERROR:in_progress_cache_impl.cc(203)] Cache is not initialized, cannot RetrieveEntry.
Mar 14, 2019 14:56:52.94 [1312:5272:0314/145650.932:ERROR:in_progress_cache_impl.cc(203)] Cache is not initialized, cannot RetrieveEntry.
Mar 14, 2019 14:56:52.99 [1312:5272:0314/145650.932:ERROR:in_progress_cache_impl.cc(203)] Cache is not initialized, cannot RetrieveEntry.
Mar 14, 2019 14:56:53.02 [1312:5272:0314/145650.932:ERROR:in_progress_cache_impl.cc(203)] Cache is not initialized, cannot RetrieveEntry.
Mar 14, 2019 14:56:53.05 [1312:10884:0314/145651.398:ERROR:connection_factory_impl.cc(408)] Failed to connect to MCS endpoint with error -106
Mar 14, 2019 14:57:15.03 [1312:10884:0314/145715.039:ERROR:connection_factory_impl.cc(408)] Failed to connect to MCS endpoint with error -106
Mar 14, 2019 15:09:36.99 [1052:2396:0314/150936.952:ERROR:in_progress_cache_impl.cc(203)] Cache is not initialized, cannot RetrieveEntry.
Mar 14, 2019 15:09:37.41 [1052:2396:0314/150936.952:ERROR:in_progress_cache_impl.cc(203)] Cache is not initialized, cannot RetrieveEntry.
Mar 14, 2019 15:09:37.67 [1052:2396:0314/150936.952:ERROR:in_progress_cache_impl.cc(203)] Cache is not initialized, cannot RetrieveEntry.
Mar 14, 2019 15:09:37.84 [1052:2396:0314/150936.952:ERROR:in_progress_cache_impl.cc(203)] Cache is not initialized, cannot RetrieveEntry.
Mar 14, 2019 15:09:37.88 [1052:2396:0314/150936.952:ERROR:in_progress_cache_impl.cc(203)] Cache is not initialized, cannot RetrieveEntry.
Mar 14, 2019 15:09:38.00 [1052:2396:0314/150936.952:ERROR:in_progress_cache_impl.cc(203)] Cache is not initialized, cannot RetrieveEntry.
Mar 14, 2019 15:09:38.09 [1052:2396:0314/150936.952:ERROR:in_progress_cache_impl.cc(203)] Cache is not initialized, cannot RetrieveEntry.
Mar 14, 2019 15:09:38.13 [1052:2396:0314/150936.952:ERROR:in_progress_cache_impl.cc(203)] Cache is not initialized, cannot RetrieveEntry.
Mar 14, 2019 15:09:38.23 [1052:2396:0314/150936.952:ERROR:in_progress_cache_impl.cc(203)] Cache is not initialized, cannot RetrieveEntry.
Mar 14, 2019 15:09:38.31 [1052:2396:0314/150936.952:ERROR:in_progress_cache_impl.cc(203)] Cache is not initialized, cannot RetrieveEntry.
Mar 14, 2019 15:09:38.34 [1052:2396:0314/150936.952:ERROR:in_progress_cache_impl.cc(203)] Cache is not initialized, cannot RetrieveEntry.
Mar 14, 2019 15:09:38.38 [1052:2396:0314/150936.952:ERROR:in_progress_cache_impl.cc(203)] Cache is not initialized, cannot RetrieveEntry.
Mar 14, 2019 15:09:38.41 [1052:2396:0314/150936.952:ERROR:in_progress_cache_impl.cc(203)] Cache is not initialized, cannot RetrieveEntry.
Mar 14, 2019 15:09:38.44 [1052:2396:0314/150936.952:ERROR:in_progress_cache_impl.cc(203)] Cache is not initialized, cannot RetrieveEntry.
Mar 14, 2019 15:09:38.49 [1052:2396:0314/150936.952:ERROR:in_progress_cache_impl.cc(203)] Cache is not initialized, cannot RetrieveEntry.
Mar 14, 2019 15:09:38.55 [1052:2396:0314/150936.952:ERROR:in_progress_cache_impl.cc(203)] Cache is not initialized, cannot RetrieveEntry.
Mar 14, 2019 15:09:38.58 [1052:2396:0314/150936.952:ERROR:in_progress_cache_impl.cc(203)] Cache is not initialized, cannot RetrieveEntry.
Mar 14, 2019 15:09:38.62 [1052:2396:0314/150936.952:ERROR:in_progress_cache_impl.cc(203)] Cache is not initialized, cannot RetrieveEntry.
Mar 14, 2019 15:09:38.68 [1052:2396:0314/150936.952:ERROR:in_progress_cache_impl.cc(203)] Cache is not initialized, cannot RetrieveEntry.
Mar 14, 2019 15:09:38.76 [1052:2396:0314/150936.952:ERROR:in_progress_cache_impl.cc(203)] Cache is not initialized, cannot RetrieveEntry.
Mar 14, 2019 15:09:38.80 [1052:2396:0314/150936.952:ERROR:in_progress_cache_impl.cc(203)] Cache is not initialized, cannot RetrieveEntry.
Mar 14, 2019 15:09:38.84 [1052:2396:0314/150936.952:ERROR:in_progress_cache_impl.cc(203)] Cache is not initialized, cannot RetrieveEntry.
Mar 14, 2019 15:09:38.88 [1052:2396:0314/150936.952:ERROR:in_progress_cache_impl.cc(203)] Cache is not initialized, cannot RetrieveEntry.
Mar 14, 2019 15:09:38.90 [1052:2396:0314/150936.952:ERROR:in_progress_cache_impl.cc(203)] Cache is not initialized, cannot RetrieveEntry.
Mar 14, 2019 15:09:38.93 [1052:2396:0314/150936.952:ERROR:in_progress_cache_impl.cc(203)] Cache is not initialized, cannot RetrieveEntry.
Mar 14, 2019 15:09:38.95 [1052:2396:0314/150936.952:ERROR:in_progress_cache_impl.cc(203)] Cache is not initialized, cannot RetrieveEntry.
Mar 14, 2019 15:09:38.98 [1052:2396:0314/150936.952:ERROR:in_progress_cache_impl.cc(203)] Cache is not initialized, cannot RetrieveEntry.
Mar 14, 2019 15:09:39.01 [1052:2396:0314/150936.952:ERROR:in_progress_cache_impl.cc(203)] Cache is not initialized, cannot RetrieveEntry.
Mar 14, 2019 15:09:39.03 [1052:2396:0314/150936.952:ERROR:in_progress_cache_impl.cc(203)] Cache is not initialized, cannot RetrieveEntry.
Mar 14, 2019 15:09:39.07 [1052:2396:0314/150936.952:ERROR:in_progress_cache_impl.cc(203)] Cache is not initialized, cannot RetrieveEntry.
Mar 14, 2019 15:09:39.09 [1052:2396:0314/150936.952:ERROR:in_progress_cache_impl.cc(203)] Cache is not initialized, cannot RetrieveEntry.
Mar 14, 2019 15:09:39.12 [1052:2396:0314/150936.952:ERROR:in_progress_cache_impl.cc(203)] Cache is not initialized, cannot RetrieveEntry.
Mar 14, 2019 15:09:39.15 [1052:2396:0314/150936.952:ERROR:in_progress_cache_impl.cc(203)] Cache is not initialized, cannot RetrieveEntry.
Mar 14, 2019 15:09:39.25 [1052:2396:0314/150936.952:ERROR:in_progress_cache_impl.cc(203)] Cache is not initialized, cannot RetrieveEntry.
Mar 14, 2019 15:09:39.28 [1052:2396:0314/150936.952:ERROR:in_progress_cache_impl.cc(203)] Cache is not initialized, cannot RetrieveEntry.
Mar 14, 2019 15:09:39.34 [1052:2396:0314/150936.952:ERROR:in_progress_cache_impl.cc(203)] Cache is not initialized, cannot RetrieveEntry.
Mar 14, 2019 15:09:39.41 [1052:10420:0314/150937.524:ERROR:connection_factory_impl.cc(408)] Failed to connect to MCS endpoint with error -106
Mar 14, 2019 15:10:07.44 [1052:10420:0314/151007.448:ERROR:connection_factory_impl.cc(408)] Failed to connect to MCS endpoint with error -106
Mar 14, 2019 15:10:56.70 [1052:10420:0314/151056.703:ERROR:connection_factory_impl.cc(408)] Failed to connect to MCS endpoint with error -106
Mar 14, 2019 15:12:32.08 [1052:10420:0314/151232.086:ERROR:connection_factory_impl.cc(408)] Failed to connect to MCS endpoint with error -106
Mar 14, 2019 15:15:30.50 [1052:10420:0314/151530.506:ERROR:connection_factory_impl.cc(408)] Failed to connect to MCS endpoint with error -106
Mar 14, 2019 15:22:00.82 [1052:10420:0314/152200.820:ERROR:connection_factory_impl.cc(408)] Failed to connect to MCS endpoint with error -106
Mar 14, 2019 15:22:35.46 [1052:2396:0314/152235.461:ERROR:gcm_channel_status_request.cc(151)] GCM channel request failed.
Mar 14, 2019 15:23:01.30 [1052:2396:0314/152301.306:ERROR:gcm_channel_status_request.cc(151)] GCM channel request failed.
Mar 14, 2019 15:23:51.97 [1052:2396:0314/152351.978:ERROR:gcm_channel_status_request.cc(151)] GCM channel request failed.
Mar 14, 2019 15:25:31.72 [1052:2396:0314/152531.727:ERROR:gcm_channel_status_request.cc(151)] GCM channel request failed.
Mar 14, 2019 15:28:14.29 [1052:2396:0314/152814.298:ERROR:gcm_channel_status_request.cc(151)] GCM channel request failed.
Mar 14, 2019 15:32:00.83 [1052:10420:0314/153200.832:ERROR:connection_factory_impl.cc(408)] Failed to connect to MCS endpoint with error -106

Mar 14, 2019 15:46:36.42 NEW SESSION
Mar 14, 2019 15:46:36.42 [9968:5264:0314/154636.403:ERROR:in_progress_cache_impl.cc(203)] Cache is not initialized, cannot RetrieveEntry.
Mar 14, 2019 15:46:36.52 [9968:5264:0314/154636.404:ERROR:in_progress_cache_impl.cc(203)] Cache is not initialized, cannot RetrieveEntry.
Mar 14, 2019 15:46:36.63 [9968:5264:0314/154636.404:ERROR:in_progress_cache_impl.cc(203)] Cache is not initialized, cannot RetrieveEntry.
Mar 14, 2019 15:46:36.69 [9968:5264:0314/154636.404:ERROR:in_progress_cache_impl.cc(203)] Cache is not initialized, cannot RetrieveEntry.
Mar 14, 2019 15:46:36.73 [9968:5264:0314/154636.404:ERROR:in_progress_cache_impl.cc(203)] Cache is not initialized, cannot RetrieveEntry.
Mar 14, 2019 15:46:36.77 [9968:5264:0314/154636.404:ERROR:in_progress_cache_impl.cc(203)] Cache is not initialized, cannot RetrieveEntry.
Mar 14, 2019 15:46:36.79 [9968:5264:0314/154636.404:ERROR:in_progress_cache_impl.cc(203)] Cache is not initialized, cannot RetrieveEntry.
Mar 14, 2019 15:46:36.82 [9968:5264:0314/154636.404:ERROR:in_progress_cache_impl.cc(203)] Cache is not initialized, cannot RetrieveEntry.
Mar 14, 2019 15:46:36.85 [9968:5264:0314/154636.404:ERROR:in_progress_cache_impl.cc(203)] Cache is not initialized, cannot RetrieveEntry.
Mar 14, 2019 15:46:36.88 [9968:5264:0314/154636.404:ERROR:in_progress_cache_impl.cc(203)] Cache is not initialized, cannot RetrieveEntry.
Mar 14, 2019 15:46:36.91 [9968:5264:0314/154636.404:ERROR:in_progress_cache_impl.cc(203)] Cache is not initialized, cannot RetrieveEntry.
Mar 14, 2019 15:46:36.93 [9968:5264:0314/154636.405:ERROR:in_progress_cache_impl.cc(203)] Cache is not initialized, cannot RetrieveEntry.
Mar 14, 2019 15:46:36.96 [9968:5264:0314/154636.405:ERROR:in_progress_cache_impl.cc(203)] Cache is not initialized, cannot RetrieveEntry.
Mar 14, 2019 15:46:36.98 [9968:5264:0314/154636.405:ERROR:in_progress_cache_impl.cc(203)] Cache is not initialized, cannot RetrieveEntry.
Mar 14, 2019 15:46:37.00 [9968:5264:0314/154636.405:ERROR:in_progress_cache_impl.cc(203)] Cache is not initialized, cannot RetrieveEntry.
Mar 14, 2019 15:46:37.02 [9968:5264:0314/154636.405:ERROR:in_progress_cache_impl.cc(203)] Cache is not initialized, cannot RetrieveEntry.
Mar 14, 2019 15:46:37.05 [9968:5264:0314/154636.405:ERROR:in_progress_cache_impl.cc(203)] Cache is not initialized, cannot RetrieveEntry.
Mar 14, 2019 15:46:37.07 [9968:5264:0314/154636.405:ERROR:in_progress_cache_impl.cc(203)] Cache is not initialized, cannot RetrieveEntry.
Mar 14, 2019 15:46:37.09 [9968:5264:0314/154636.405:ERROR:in_progress_cache_impl.cc(203)] Cache is not initialized, cannot RetrieveEntry.
Mar 14, 2019 15:46:37.12 [9968:5264:0314/154636.405:ERROR:in_progress_cache_impl.cc(203)] Cache is not initialized, cannot RetrieveEntry.
Mar 14, 2019 15:46:37.14 [9968:5264:0314/154636.405:ERROR:in_progress_cache_impl.cc(203)] Cache is not initialized, cannot RetrieveEntry.
Mar 14, 2019 15:46:37.17 [9968:5264:0314/154636.405:ERROR:in_progress_cache_impl.cc(203)] Cache is not initialized, cannot RetrieveEntry.
Mar 14, 2019 15:46:37.20 [9968:5264:0314/154636.405:ERROR:in_progress_cache_impl.cc(203)] Cache is not initialized, cannot RetrieveEntry.
Mar 14, 2019 15:46:37.23 [9968:5264:0314/154636.405:ERROR:in_progress_cache_impl.cc(203)] Cache is not initialized, cannot RetrieveEntry.
Mar 14, 2019 15:46:37.26 [9968:5264:0314/154636.406:ERROR:in_progress_cache_impl.cc(203)] Cache is not initialized, cannot RetrieveEntry.
Mar 14, 2019 15:46:37.28 [9968:5264:0314/154636.406:ERROR:in_progress_cache_impl.cc(203)] Cache is not initialized, cannot RetrieveEntry.
Mar 14, 2019 15:46:37.30 [9968:5264:0314/154636.406:ERROR:in_progress_cache_impl.cc(203)] Cache is not initialized, cannot RetrieveEntry.
Mar 14, 2019 15:46:37.33 [9968:5264:0314/154636.406:ERROR:in_progress_cache_impl.cc(203)] Cache is not initialized, cannot RetrieveEntry.
Mar 14, 2019 15:46:37.35 [9968:5264:0314/154636.406:ERROR:in_progress_cache_impl.cc(203)] Cache is not initialized, cannot RetrieveEntry.
Mar 14, 2019 15:46:37.37 [9968:5264:0314/154636.406:ERROR:in_progress_cache_impl.cc(203)] Cache is not initialized, cannot RetrieveEntry.
Mar 14, 2019 15:46:37.40 [9968:5264:0314/154636.406:ERROR:in_progress_cache_impl.cc(203)] Cache is not initialized, cannot RetrieveEntry.
Mar 14, 2019 15:46:37.42 [9968:5264:0314/154636.406:ERROR:in_progress_cache_impl.cc(203)] Cache is not initialized, cannot RetrieveEntry.
Mar 14, 2019 15:46:37.45 [9968:5264:0314/154636.406:ERROR:in_progress_cache_impl.cc(203)] Cache is not initialized, cannot RetrieveEntry.
Mar 14, 2019 15:46:37.48 [9968:5264:0314/154636.406:ERROR:in_progress_cache_impl.cc(203)] Cache is not initialized, cannot RetrieveEntry.
Mar 14, 2019 15:46:37.52 [9968:5264:0314/154636.406:ERROR:in_progress_cache_impl.cc(203)] Cache is not initialized, cannot RetrieveEntry.
Mar 14, 2019 15:46:37.56 [9968:5264:0314/154636.406:ERROR:in_progress_cache_impl.cc(203)] Cache is not initialized, cannot RetrieveEntry.
